<?xml version="1.0" encoding="UTF-8"?>
<!-- Generated by org.testng.reporters.JUnitReportReporter -->
<testsuite hostname="DESKTOP-G6KU055" failures="0" tests="2" name="coverfoxTEST.TC5552_CoverFox_ErrorMsgs" time="54.217" errors="0" timestamp="2024-10-19T20:38:48 IST" skipped="0">
  <testcase classname="coverfoxTEST.TC5552_CoverFox_ErrorMsgs" name="validatePincodeErrMsg" time="24.789">
    <system-out>
      <![CDATA[Entering mobileNumber
Clicking on continue button
tc validatePincodeErrMsgpassed]]>
    </system-out>
  </testcase> <!-- validatePincodeErrMsg -->
  <testcase classname="coverfoxTEST.TC5552_CoverFox_ErrorMsgs" name="validateMobileNumErrorMsg" time="29.428">
    <system-out>
      <![CDATA[Entering pincode
Clicking on continue button
tc validateMobileNumErrorMsgpassed]]>
    </system-out>
  </testcase> <!-- validateMobileNumErrorMsg -->
  <system-out>
    <![CDATA[Launching Browser
Waiting
Clicking on genderButton
Clicking on nextButton
Handling age dropdown
Clicking on nextButton
Entering mobileNumber
Clicking on continue button
tc validatePincodeErrMsgpassed
Closing Browser
Launching Browser
Waiting
Clicking on genderButton
Clicking on nextButton
Handling age dropdown
Clicking on nextButton
Entering pincode
Clicking on continue button
tc validateMobileNumErrorMsgpassed
Closing Browser]]>
  </system-out>
</testsuite> <!-- coverfoxTEST.TC5552_CoverFox_ErrorMsgs -->
