<?xml version="1.0" encoding="UTF-8"?>
<!-- Generated by org.testng.reporters.JUnitReportReporter -->
<testsuite hostname="LAPTOP-ELLCCCK3" failures="0" tests="2" name="coverfoxTEST.TC5552_CoverFox_BannerCount2" time="18.219" errors="0" timestamp="2024-10-14T16:31:53 IST" skipped="0">
  <testcase classname="coverfoxTEST.TC5552_CoverFox_BannerCount2" name="validatePincodeErrMsg" time="9.009">
    <system-out>
      <![CDATA[Entering mobileNumber
Clicking on continue button]]>
    </system-out>
  </testcase> <!-- validatePincodeErrMsg -->
  <testcase classname="coverfoxTEST.TC5552_CoverFox_BannerCount2" name="validateMobileNumErrorMsg" time="9.210">
    <system-out>
      <![CDATA[Entering pincode
Clicking on continue button]]>
    </system-out>
  </testcase> <!-- validateMobileNumErrorMsg -->
  <system-out>
    <![CDATA[Launching Browser
Waiting
Clicking on genderButton
Clicking on nextButton
Handling age dropdown
Clicking on nextButton
Entering mobileNumber
Clicking on continue button
Closing Browser
Launching Browser
Waiting
Clicking on genderButton
Clicking on nextButton
Handling age dropdown
Clicking on nextButton
Entering pincode
Clicking on continue button
Closing Browser]]>
  </system-out>
</testsuite> <!-- coverfoxTEST.TC5552_CoverFox_BannerCount2 -->
